0 info it worked if it ends with ok
1 verbose cli [ '/Users/luiscamilo/.nvm/versions/node/v6.10.2/bin/node',
1 verbose cli   '/Users/luiscamilo/.nvm/versions/node/v6.10.2/bin/npm',
1 verbose cli   'run',
1 verbose cli   'integration-test' ]
2 info using npm@3.10.10
3 info using node@v6.10.2
4 verbose run-script [ 'preintegration-test',
4 verbose run-script   'integration-test',
4 verbose run-script   'postintegration-test' ]
5 info lifecycle typescript-course@1.0.0~preintegration-test: typescript-course@1.0.0
6 silly lifecycle typescript-course@1.0.0~preintegration-test: no script for preintegration-test, continuing
7 info lifecycle typescript-course@1.0.0~integration-test: typescript-course@1.0.0
8 verbose lifecycle typescript-course@1.0.0~integration-test: unsafe-perm in lifecycle true
9 verbose lifecycle typescript-course@1.0.0~integration-test: PATH: /Users/luiscamilo/.nvm/versions/node/v6.10.2/lib/node_modules/npm/bin/node-gyp-bin:/Users/luiscamilo/Documents/dev/github/typescript-course/node_modules/.bin:/Users/luiscamilo/mongodb/mongodb-osx-x86_64-3.4.2/bin:/Users/luiscamilo/mongodb/mongodb-osx-x86_64-3.4.2/bin:/Users/luiscamilo/.nvm/versions/node/v6.10.2/bin:/Users/luiscamilo/Library/Python/3.6/bin:/Library/Frameworks/Python.framework/Versions/3.6/bin:/usr/local/bin:/usr/bin:/bin:/usr/sbin:/sbin
10 verbose lifecycle typescript-course@1.0.0~integration-test: CWD: /Users/luiscamilo/Documents/dev/github/typescript-course
11 silly lifecycle typescript-course@1.0.0~integration-test: Args: [ '-c',
11 silly lifecycle   'NODE_ENV=test mocha --opts build/test/integration/config/mocha.opts ./build/test/integration/integration.test.js' ]
12 silly lifecycle typescript-course@1.0.0~integration-test: Returned: code: 5  signal: null
13 info lifecycle typescript-course@1.0.0~integration-test: Failed to exec integration-test script
14 verbose stack Error: typescript-course@1.0.0 integration-test: `NODE_ENV=test mocha --opts build/test/integration/config/mocha.opts ./build/test/integration/integration.test.js`
14 verbose stack Exit status 5
14 verbose stack     at EventEmitter.<anonymous> (/Users/luiscamilo/.nvm/versions/node/v6.10.2/lib/node_modules/npm/lib/utils/lifecycle.js:255:16)
14 verbose stack     at emitTwo (events.js:106:13)
14 verbose stack     at EventEmitter.emit (events.js:191:7)
14 verbose stack     at ChildProcess.<anonymous> (/Users/luiscamilo/.nvm/versions/node/v6.10.2/lib/node_modules/npm/lib/utils/spawn.js:40:14)
14 verbose stack     at emitTwo (events.js:106:13)
14 verbose stack     at ChildProcess.emit (events.js:191:7)
14 verbose stack     at maybeClose (internal/child_process.js:886:16)
14 verbose stack     at Process.ChildProcess._handle.onexit (internal/child_process.js:226:5)
15 verbose pkgid typescript-course@1.0.0
16 verbose cwd /Users/luiscamilo/Documents/dev/github/typescript-course
17 error Darwin 16.6.0
18 error argv "/Users/luiscamilo/.nvm/versions/node/v6.10.2/bin/node" "/Users/luiscamilo/.nvm/versions/node/v6.10.2/bin/npm" "run" "integration-test"
19 error node v6.10.2
20 error npm  v3.10.10
21 error code ELIFECYCLE
22 error typescript-course@1.0.0 integration-test: `NODE_ENV=test mocha --opts build/test/integration/config/mocha.opts ./build/test/integration/integration.test.js`
22 error Exit status 5
23 error Failed at the typescript-course@1.0.0 integration-test script 'NODE_ENV=test mocha --opts build/test/integration/config/mocha.opts ./build/test/integration/integration.test.js'.
23 error Make sure you have the latest version of node.js and npm installed.
23 error If you do, this is most likely a problem with the typescript-course package,
23 error not with npm itself.
23 error Tell the author that this fails on your system:
23 error     NODE_ENV=test mocha --opts build/test/integration/config/mocha.opts ./build/test/integration/integration.test.js
23 error You can get information on how to open an issue for this project with:
23 error     npm bugs typescript-course
23 error Or if that isn't available, you can get their info via:
23 error     npm owner ls typescript-course
23 error There is likely additional logging output above.
24 verbose exit [ 1, true ]
